<?xml version="1.0" encoding="UTF-8"?>
<!-- Generated by org.testng.reporters.JUnitReportReporter -->
<testsuite hostname="LAPTOP-0ME61RC0" failures="0" tests="1" name="pageObjectWithoutAnnatations.LoginWithoutFindby" time="11.816" errors="0" timestamp="2021-11-28T18:24:28 IST" skipped="0">
  <testcase classname="pageObjectWithoutAnnatations.LoginWithoutFindby" name="login" time="11.816"/>
  <system-out/>
</testsuite> <!-- pageObjectWithoutAnnatations.LoginWithoutFindby -->
