<?xml version="1.0" encoding="UTF-8"?>
<!-- Generated by org.testng.reporters.JUnitReportReporter -->
<testsuite hostname="LAPTOP-0ME61RC0" failures="0" tests="1" name="testCases.loginTestCase" time="9.562" errors="0" timestamp="2021-11-30T07:26:50 IST" skipped="0">
  <testcase classname="testCases.loginTestCase" name="loginPage" time="9.562"/>
  <system-out/>
</testsuite> <!-- testCases.loginTestCase -->
